<?xml version="1.0" encoding="UTF-8"?>
<!-- Generated by org.testng.reporters.JUnitReportReporter -->
<testsuite hostname="MIFARDGOLLA-M2" failures="0" tests="1" name="Seleniumexcers.Gmaillaunch" time="3.249" errors="0" timestamp="20 Dec 2019 20:07:22 GMT">
  <testcase classname="Seleniumexcers.Gmaillaunch" name="seleniumTest" time="3.249"/>
</testsuite> <!-- Seleniumexcers.Gmaillaunch -->
