<?xml version="1.0" encoding="UTF-8"?>
<!-- Generated by org.testng.reporters.JUnitReportReporter -->
<testsuite hostname="MIFARDGOLLA-M2" failures="0" tests="1" name="TestNgexamples.TestNgAnnotations" time="0.005" errors="0" timestamp="14 Nov 2019 04:39:46 GMT">
  <testcase classname="TestNgexamples.TestNgAnnotations" name="Test" time="0.005"/>
</testsuite> <!-- TestNgexamples.TestNgAnnotations -->
