<?xml version="1.0" encoding="UTF-8"?>
<!-- Generated by org.testng.reporters.JUnitReportReporter -->
<testsuite hostname="MIFARDGOLLA-M2" failures="0" tests="4" name="TestNgexamples.TestNgAdd" time="0.015" errors="0" timestamp="2020-06-28T23:02:30 EDT" skipped="0">
  <testcase classname="TestNgexamples.TestNgAdd" name="Add1" time="0.011"/>
  <testcase classname="TestNgexamples.TestNgAdd" name="Div" time="0.002"/>
  <testcase classname="TestNgexamples.TestNgAdd" name="Multi" time="0.001"/>
  <testcase classname="TestNgexamples.TestNgAdd" name="Sub" time="0.001"/>
</testsuite> <!-- TestNgexamples.TestNgAdd -->
