<?xml version="1.0" encoding="UTF-8"?>
<!-- Generated by org.testng.reporters.JUnitReportReporter -->
<testsuite hostname="MIFARDGOLLA-M2" failures="0" tests="21" name="devStableex.DevstableTestclass" time="8.949" errors="0" timestamp="2020-07-27T21:04:36 EDT" skipped="0">
  <testcase classname="devStableex.DevstableTestclass" name="TC19_submitAct" time="0.129"/>
  <testcase classname="devStableex.DevstableTestclass" name="TC17_enterproblems2" time="0.115"/>
  <testcase classname="devStableex.DevstableTestclass" name="TC1_launchtestpage" time="0.799"/>
  <testcase classname="devStableex.DevstableTestclass" name="TC14_enterengine2" time="0.100"/>
  <testcase classname="devStableex.DevstableTestclass" name="TC13_enterengine" time="0.097"/>
  <testcase classname="devStableex.DevstableTestclass" name="TC17_enterconclusions" time="0.106"/>
  <testcase classname="devStableex.DevstableTestclass" name="TC16_enterproblems" time="0.118"/>
  <testcase classname="devStableex.DevstableTestclass" name="TC11_entermileage" time="0.092"/>
  <testcase classname="devStableex.DevstableTestclass" name="TC6_enterstation" time="0.123"/>
  <testcase classname="devStableex.DevstableTestclass" name="TC18_addFile" time="4.567"/>
  <testcase classname="devStableex.DevstableTestclass" name="TC2_selectactiivty" time="0.562"/>
  <testcase classname="devStableex.DevstableTestclass" name="TC4_switchframe" time="0.147"/>
  <testcase classname="devStableex.DevstableTestclass" name="TC20_completeFinal" time="0.079"/>
  <testcase classname="devStableex.DevstableTestclass" name="TC5_entername" time="0.178"/>
  <testcase classname="devStableex.DevstableTestclass" name="TC9_entermake" time="0.096"/>
  <testcase classname="devStableex.DevstableTestclass" name="TC8_enteryear" time="0.104"/>
  <testcase classname="devStableex.DevstableTestclass" name="TC12_entervin" time="0.116"/>
  <testcase classname="devStableex.DevstableTestclass" name="TC10_entermodel" time="0.104"/>
  <testcase classname="devStableex.DevstableTestclass" name="TC3_launchtake" time="1.129"/>
  <testcase classname="devStableex.DevstableTestclass" name="TC7_enterdate" time="0.099"/>
  <testcase classname="devStableex.DevstableTestclass" name="TC15_enterstation2" time="0.089"/>
</testsuite> <!-- devStableex.DevstableTestclass -->
