<?xml version="1.0" encoding="UTF-8"?>
<!-- Generated by org.testng.reporters.JUnitReportReporter -->
<testsuite hostname="MIFARDGOLLA-M2" failures="0" tests="2" name="TestNgexamples.TestClassSec" time="0.041" errors="0" timestamp="2020-06-30T23:02:58 EDT" skipped="0">
  <testcase classname="TestNgexamples.TestClassSec" name="primeFactnum" time="0.002"/>
  <testcase classname="TestNgexamples.TestClassSec" name="TC1_Even" time="0.039"/>
</testsuite> <!-- TestNgexamples.TestClassSec -->
