<?xml version="1.0" encoding="UTF-8"?>
<!-- Generated by org.testng.reporters.JUnitReportReporter -->
<testsuite hostname="MIFARDGOLLA-M2" failures="0" tests="4" name="TestNgexamples.TestNgAdd" time="0.012" errors="0" timestamp="17 Nov 2019 04:41:38 GMT">
  <testcase classname="TestNgexamples.TestNgAdd" name="Div" time="0.003"/>
  <testcase classname="TestNgexamples.TestNgAdd" name="Sub" time="0.001"/>
  <testcase classname="TestNgexamples.TestNgAdd" name="Add1" time="0.008"/>
  <testcase classname="TestNgexamples.TestNgAdd" name="Multi" time="0.000"/>
</testsuite> <!-- TestNgexamples.TestNgAdd -->
